[2013-10-09 22:20:23] START
[2013-10-09 22:20:30] CREATE db1.py: 0
[2013-10-09 22:22:23] EDIT surveys/models/db1.py: 6
[2013-10-09 22:22:50] EDIT surveys/models/db1.py: 0
[2013-10-09 22:23:09] EDIT surveys/models/db1.py: 0
[2013-10-09 22:23:49] EDIT surveys/controllers/default.py: -4
[2013-10-09 22:24:13] EDIT surveys/models/db1.py: 0
[2013-10-09 22:24:51] EDIT surveys/models/db1.py: 1
[2013-10-09 22:25:18] EDIT surveys/models/db1.py: 0
[2013-10-09 22:25:44] EDIT surveys/controllers/default.py: 2
[2013-10-09 22:27:17] EDIT surveys/controllers/default.py: 2
[2013-10-09 22:27:30] EDIT surveys/controllers/default.py: 0
[2013-10-09 22:28:25] EDIT surveys/controllers/default.py: 2
[2013-10-09 22:29:32] EDIT surveys/controllers/default.py: 4
[2013-10-09 22:31:15] EDIT surveys/controllers/default.py: 0
[2013-10-09 22:34:09] EDIT surveys/controllers/default.py: 1
[2013-10-09 22:34:44] EDIT surveys/controllers/default.py: -1
[2013-10-09 22:35:13] EDIT surveys/controllers/default.py: 0
[2013-10-09 22:35:34] CREATE default/take_survey.html: 0
[2013-10-09 22:36:08] EDIT surveys/views/default/take_survey.html: 4
[2013-10-09 22:36:27] EDIT surveys/views/default/take_survey.html: 3
[2013-10-09 22:36:53] EDIT surveys/views/default/take_survey.html: 2
[2013-10-09 22:38:02] EDIT surveys/views/default/take_survey.html: 2
[2013-10-09 22:38:29] EDIT surveys/views/default/take_survey.html: 0
[2013-10-09 22:38:46] EDIT surveys/views/default/take_survey.html: 1
[2013-10-09 22:39:06] EDIT surveys/views/default/take_survey.html: 0
[2013-10-09 22:39:08] EDIT surveys/views/default/take_survey.html: 0
[2013-10-09 22:39:11] EDIT surveys/views/default/take_survey.html: 0
[2013-10-09 22:39:22] EDIT surveys/views/default/take_survey.html: 0
[2013-10-09 22:39:32] EDIT surveys/views/default/take_survey.html: 0
[2013-10-09 22:40:20] EDIT surveys/views/default/take_survey.html: 0
[2013-10-09 22:41:34] EDIT surveys/controllers/default.py: 4
[2013-10-09 22:41:46] EDIT surveys/controllers/default.py: 1
[2013-10-09 22:41:57] EDIT surveys/controllers/default.py: 2
[2013-10-09 22:42:16] EDIT surveys/controllers/default.py: 0
[2013-10-09 22:42:35] EDIT surveys/controllers/default.py: 0
[2013-10-09 22:42:47] EDIT surveys/controllers/default.py: 0
[2013-10-09 22:43:12] EDIT surveys/controllers/default.py: 4
[2013-10-09 22:43:50] CREATE default/see_results.html: 0
[2013-10-09 22:44:29] EDIT surveys/views/default/see_results.html: 10
[2013-10-09 22:44:40] EDIT surveys/views/default/see_results.html: 0
[2013-10-09 22:45:08] EDIT surveys/views/default/see_results.html: -1
[2013-10-09 22:46:18] EDIT surveys/controllers/default.py: 1
[2013-10-09 22:46:33] EDIT surveys/views/default/index.html: -30
[2013-10-09 22:46:48] EDIT surveys/controllers/default.py: 0
[2013-10-09 22:47:26] EDIT surveys/controllers/default.py: 1
[2013-10-09 22:47:32] EDIT surveys/controllers/default.py: 1
[2013-10-09 22:48:32] EDIT surveys/controllers/default.py: 1
[2013-10-09 22:49:07] EDIT surveys/controllers/default.py: 1
[2013-10-09 22:49:17] EDIT surveys/controllers/default.py: 0
[2013-10-09 22:49:29] EDIT surveys/controllers/default.py: 0
[2013-10-09 22:49:54] EDIT surveys/controllers/default.py: 0
[2013-10-09 22:50:23] EDIT surveys/controllers/default.py: 1
[2013-10-09 22:50:37] EDIT surveys/controllers/default.py: 0
[2013-10-09 22:51:04] EDIT surveys/controllers/default.py: 0
[2013-10-09 22:51:15] EDIT surveys/controllers/default.py: 0
[2013-10-09 22:52:20] EDIT surveys/controllers/default.py: 2
[2013-10-09 22:52:47] EDIT surveys/controllers/default.py: -2
[2013-10-09 22:53:26] EDIT surveys/views/default/index.html: 1
[2013-10-09 22:54:29] EDIT surveys/models/menu.py: 0
[2013-10-09 22:54:42] EDIT surveys/models/menu.py: 0
[2013-10-09 22:54:51] EDIT surveys/models/menu.py: -104
[2013-10-09 22:55:16] EDIT surveys/views/default/index.html: 2
[2013-10-09 22:55:36] EDIT surveys/views/default/index.html: 2
[2013-10-09 22:56:06] EDIT surveys/controllers/default.py: 1
[2013-10-09 22:56:59] EDIT surveys/controllers/default.py: 4
[2013-10-09 22:58:26] EDIT surveys/controllers/default.py: 0
[2013-10-09 22:58:55] EDIT surveys/models/db1.py: 1
[2013-10-09 22:58:56] EDIT surveys/models/db1.py: 0
[2013-10-09 22:59:00] EDIT surveys/models/db1.py: 0
[2013-10-09 22:59:02] EDIT surveys/models/db1.py: 0
[2013-10-09 23:00:08] EDIT surveys/controllers/default.py: 2
[2013-10-09 23:00:11] EDIT surveys/controllers/default.py: 0
[2013-10-09 23:00:16] EDIT surveys/controllers/default.py: 0
[2013-10-09 23:02:05] EDIT surveys/controllers/default.py: 0
[2013-10-09 23:02:37] EDIT surveys/controllers/default.py: 1
[2013-10-09 23:03:21] EDIT surveys/models/db1.py: 3
[2013-10-09 23:03:26] EDIT surveys/models/db1.py: 0
[2013-10-09 23:03:28] EDIT surveys/models/db1.py: 0
[2013-10-09 23:04:24] EDIT surveys/controllers/default.py: 4
[2013-10-09 23:04:39] EDIT surveys/controllers/default.py: 1
[2013-10-09 23:04:44] EDIT surveys/controllers/default.py: 0
[2013-10-09 23:05:08] EDIT surveys/controllers/default.py: 0
[2013-10-09 23:07:30] EDIT surveys/controllers/default.py: 0
[2013-10-09 23:07:55] EDIT surveys/controllers/default.py: 0
[2013-10-09 23:08:49] EDIT surveys/controllers/default.py: 0
[2013-10-09 23:08:55] EDIT surveys/controllers/default.py: 1
[2013-10-09 23:10:39] EDIT surveys/controllers/default.py: 0
[2014-02-14 00:49:09] EDIT Surveys/controllers/default.py: 0
[2014-02-17 21:45:03] EDIT Surveys/controllers/default.py: 0
[2014-02-17 21:46:06] EDIT Surveys/controllers/default.py: 0
[2014-02-17 22:07:50] EDIT Surveys/controllers/default.py: 0
[2014-02-17 22:08:10] EDIT Surveys/controllers/default.py: 0
[2014-02-17 22:08:24] EDIT Surveys/controllers/default.py: 0
[2014-02-17 22:09:05] EDIT Surveys/controllers/default.py: 0
[2014-02-17 22:09:12] EDIT Surveys/controllers/default.py: 0
[2014-02-17 22:12:22] EDIT Surveys/controllers/default.py: 0
[2014-02-17 22:30:30] EDIT Surveys/controllers/default.py: 0
[2014-02-17 22:34:39] EDIT Surveys/views/appadmin.html: 0
[2014-02-17 22:35:14] EDIT Surveys/views/appadmin.html: 0
[2014-02-17 22:35:16] EDIT Surveys/views/appadmin.html: 0
[2014-02-17 22:36:11] EDIT Surveys/views/appadmin.html: 0
[2014-02-17 22:36:12] EDIT Surveys/views/appadmin.html: 0
[2014-02-17 22:36:13] EDIT Surveys/views/appadmin.html: 0
[2014-02-17 22:36:14] EDIT Surveys/views/appadmin.html: 0
[2014-02-17 22:37:13] EDIT Surveys/views/appadmin.html: 0
[2014-02-17 22:46:26] EDIT Surveys/views/appadmin.html: -8
[2014-02-17 22:48:08] EDIT Surveys/views/appadmin.html: 8
[2014-02-17 22:52:50] EDIT Surveys/controllers/appadmin.py: -1
[2014-02-17 22:54:49] EDIT Surveys/controllers/appadmin.py: 0
[2014-02-17 22:57:52] EDIT Surveys/views/layout.html: -7
[2014-02-17 22:59:00] EDIT Surveys/views/generic.xml: -1
[2014-02-17 22:59:13] EDIT Surveys/views/generic.xml: 0
[2014-02-17 23:02:07] EDIT Surveys/views/generic.html: -1
[2014-02-17 23:07:37] EDIT Surveys/controllers/default.py: -1
[2014-02-17 23:10:52] EDIT Surveys/controllers/default.py: 1
[2014-02-17 23:22:58] EDIT Surveys/controllers/default.py: 0
[2014-02-17 23:24:02] EDIT Surveys/controllers/default.py: 0
[2014-02-17 23:27:54] EDIT Surveys/controllers/default.py: 0
[2014-02-17 23:28:17] EDIT Surveys/controllers/default.py: 0
[2014-02-17 23:29:12] EDIT Surveys/controllers/default.py: 0
[2014-02-17 23:40:23] EDIT Surveys/controllers/default.py: 0
[2014-02-17 23:40:24] EDIT Surveys/controllers/default.py: 0
[2014-02-17 23:41:05] EDIT Surveys/controllers/default.py: 0
[2014-02-17 23:42:40] EDIT Surveys/controllers/default.py: 0
[2014-02-17 23:45:12] EDIT Surveys/controllers/default.py: 0
[2014-02-17 23:45:59] EDIT Surveys/controllers/default.py: 0
[2014-02-17 23:46:28] EDIT Surveys/controllers/default.py: 0
[2014-02-17 23:46:34] EDIT Surveys/controllers/default.py: 0
[2014-02-17 23:47:05] EDIT Surveys/controllers/default.py: 0
[2014-02-17 23:47:27] EDIT Surveys/controllers/default.py: 0
[2014-02-17 23:48:20] EDIT Surveys/controllers/default.py: 0
[2014-02-17 23:53:30] EDIT Surveys/controllers/default.py: 0
[2014-02-17 23:53:48] EDIT Surveys/controllers/default.py: 0
[2014-02-17 23:58:39] EDIT Surveys/controllers/default.py: 1
[2014-02-17 23:58:40] EDIT Surveys/controllers/default.py: 0
[2014-02-17 23:59:08] EDIT Surveys/controllers/default.py: 0
[2014-02-18 00:00:03] EDIT Surveys/controllers/default.py: -1
[2014-02-18 00:00:50] EDIT Surveys/controllers/default.py: 0
[2014-02-18 00:00:51] EDIT Surveys/controllers/default.py: 0
[2014-02-18 00:00:52] EDIT Surveys/controllers/default.py: 0
[2014-02-18 00:00:52] EDIT Surveys/controllers/default.py: 0
[2014-02-18 00:07:54] EDIT Surveys/controllers/default.py: 0
[2014-02-18 00:08:34] EDIT Surveys/controllers/default.py: 0
[2014-02-18 00:13:39] EDIT Surveys/controllers/default.py: 0
[2014-02-18 00:14:02] EDIT Surveys/controllers/default.py: 0
[2014-02-18 00:18:16] EDIT Surveys/models/db1.py: 0
[2014-02-18 00:18:38] EDIT Surveys/models/db1.py: 0
[2014-02-18 00:18:50] EDIT Surveys/models/db1.py: 0
[2014-02-18 00:20:07] EDIT Surveys/controllers/default.py: 0
[2014-02-18 00:25:10] EDIT Surveys/controllers/default.py: 0
[2014-02-18 00:29:34] EDIT Surveys/controllers/default.py: 0
[2014-02-18 00:30:14] EDIT Surveys/controllers/default.py: 0
[2014-02-18 00:30:48] EDIT Surveys/controllers/default.py: 0
[2014-02-18 00:31:49] EDIT Surveys/controllers/default.py: 1
[2014-02-18 00:32:01] EDIT Surveys/controllers/default.py: 0
[2014-02-18 00:32:02] EDIT Surveys/controllers/default.py: 0
[2014-02-18 00:32:45] EDIT Surveys/controllers/default.py: -1
[2014-02-18 00:32:46] EDIT Surveys/controllers/default.py: 0
[2014-02-18 00:35:20] EDIT Surveys/controllers/default.py: 1
[2014-02-18 00:35:20] EDIT Surveys/controllers/default.py: 0
[2014-02-18 00:36:14] EDIT Surveys/controllers/default.py: -1
[2014-02-18 00:38:11] EDIT Surveys/controllers/default.py: 1
[2014-02-18 00:38:11] EDIT Surveys/controllers/default.py: 0
[2014-02-18 00:40:36] EDIT Surveys/controllers/default.py: -1
[2014-02-18 00:40:41] EDIT Surveys/controllers/default.py: 0
[2014-02-18 00:41:43] EDIT Surveys/controllers/default.py: 0
[2014-02-18 00:41:44] EDIT Surveys/controllers/default.py: 0
[2014-02-18 00:42:48] EDIT Surveys/controllers/default.py: 1
[2014-02-18 00:42:48] EDIT Surveys/controllers/default.py: 0
[2014-02-18 00:43:12] EDIT Surveys/controllers/default.py: -1
[2014-02-18 01:07:26] EDIT Surveys/controllers/default.py: 1
[2014-02-18 01:07:27] EDIT Surveys/controllers/default.py: 0
[2014-02-18 01:09:32] EDIT Surveys/controllers/default.py: -2
[2014-02-18 01:10:18] EDIT Surveys/controllers/default.py: 1
[2014-02-18 01:10:18] EDIT Surveys/controllers/default.py: 0
[2014-02-18 01:11:32] EDIT Surveys/controllers/default.py: 0
[2014-02-18 01:11:33] EDIT Surveys/controllers/default.py: 0
[2014-02-18 01:11:57] EDIT Surveys/controllers/default.py: 0
[2014-02-18 01:11:58] EDIT Surveys/controllers/default.py: 0
[2014-02-18 01:12:37] EDIT Surveys/controllers/default.py: 0
[2014-02-18 01:12:38] EDIT Surveys/controllers/default.py: 0
[2014-02-18 01:12:43] EDIT Surveys/controllers/default.py: 0
[2014-02-18 01:14:29] EDIT Surveys/controllers/default.py: 0
[2014-02-18 01:14:30] EDIT Surveys/controllers/default.py: 0
[2014-02-18 01:15:07] EDIT Surveys/controllers/default.py: 0
[2014-02-18 01:16:05] EDIT Surveys/controllers/default.py: 0
[2014-02-18 01:16:31] EDIT Surveys/controllers/default.py: 0
[2014-02-18 01:16:59] EDIT Surveys/controllers/default.py: 0
[2014-02-18 01:16:59] EDIT Surveys/controllers/default.py: 0
[2014-02-18 01:18:51] EDIT Surveys/controllers/default.py: 0
[2014-02-18 01:19:02] EDIT Surveys/controllers/default.py: 0
[2014-02-18 01:19:27] EDIT Surveys/controllers/default.py: 0
[2014-02-18 01:20:21] EDIT Surveys/controllers/default.py: 2
[2014-02-18 01:20:22] EDIT Surveys/controllers/default.py: 0
[2014-02-18 01:21:12] EDIT Surveys/controllers/default.py: 0
[2014-02-18 01:21:16] EDIT Surveys/controllers/default.py: 0
[2014-02-18 23:50:28] EDIT Surveys/controllers/default.py: -2
[2014-02-18 23:54:56] EDIT Surveys/controllers/default.py: -2
[2014-02-18 23:55:49] EDIT Surveys/controllers/default.py: 2
[2014-02-19 00:11:53] CREATE default/thank_you.html: 0
[2014-02-19 00:12:22] EDIT Surveys/views/default/thank_you.html: 0
[2014-02-19 00:16:09] CREATE default/create_survey.html: 0
[2014-02-19 00:17:07] EDIT Surveys/views/default/create_survey.html: 0
[2014-02-19 00:27:02] EDIT Surveys/controllers/default.py: 0
[2014-02-19 15:08:27] EDIT Surveys/models/db.py: -7
[2014-02-19 15:10:47] EDIT Surveys/controllers/appadmin.py: -2
[2014-02-19 15:11:35] EDIT Surveys/controllers/default.py: -38
[2014-02-19 15:12:25] EDIT Surveys/views/default/index.html: 0
[2014-02-19 15:13:50] EDIT Surveys/views/generic.html: -2
[2014-02-19 15:15:16] EDIT Surveys/views/generic.jsonp: 0
[2014-02-19 15:15:29] EDIT Surveys/views/generic.ics: 0
[2014-02-19 15:16:35] EDIT Surveys/views/generic.load: 0
[2014-02-19 15:19:33] EDIT Surveys/views/generic.map: -18
[2014-02-19 15:20:10] EDIT Surveys/views/generic.load: -19
[2014-02-19 15:21:24] EDIT Surveys/models/menu.py: 0
[2014-02-19 15:31:59] EDIT Surveys/controllers/default.py: 9
[2014-02-19 15:55:01] EDIT Surveys/controllers/default.py: 2
[2014-02-19 15:55:37] EDIT Surveys/controllers/default.py: 0
[2014-02-19 16:12:05] EDIT Surveys/controllers/default.py: -3
[2014-02-19 16:51:00] EDIT Surveys/controllers/default.py: -1
[2014-02-19 16:51:18] EDIT Surveys/controllers/default.py: 0
[2014-02-19 16:51:38] EDIT Surveys/controllers/default.py: 0
[2014-02-19 16:52:07] EDIT Surveys/models/menu.py: 0
